chr10:2179852-2179852	1.614096
chr10:5024394-5024394	2.705700
chr10:5665458-5665458	-0.175705
chr10:13394725-13394725	-11.820102
chr10:14434062-14434062	9.504684
chr10:14602474-14602474	0.461962
chr10:18712352-18712352	5.256023
chr10:23614233-23614233	3.690488
chr10:26973725-26973725	1.764226
chr10:27180066-27180066	1.388232
chr10:31040980-31040980	18.479452
chr10:31122694-31122694	3.612461
chr10:34944610-34944610	-0.903835
chr10:35125380-35125380	0.428863
chr10:43788778-43788778	1.875596
chr10:44866247-44866247	8.295278
chr10:47665710-47665710	31.422040
chr10:49763818-49763818	2.372988
chr10:50616682-50616682	1.642167
chr10:50616699-50616699	3.807886
chr10:56476068-56476068	-1.855739
chr10:56476107-56476107	0.711781
chr10:61884462-61884462	0.503759
chr10:63232049-63232049	-13.703308
chr10:63510779-63510779	-2.115979
chr10:64843792-64843792	0.974764
chr10:65484872-65484872	-17.838316
chr10:70824858-70824858	17.287255
chr10:71560033-71560033	-1.913705
chr10:72319272-72319272	-10.911674
chr10:72324860-72324860	-9.041784
chr10:73571881-73571881	5.617358
chr10:73571883-73571883	-9.462695
chr10:81789182-81789182	-1.496277
chr10:81789191-81789191	0.783011
chr10:82271341-82271341	2.319348
chr10:84729327-84729327	-1.973751
chr10:85677421-85677421	10.159166
chr10:87898998-87898998	-17.802601
chr10:88444140-88444140	12.240009
chr10:90692578-90692578	-0.078346
chr10:93058242-93058242	0.923813
chr10:95493328-95493328	-7.122905
chr10:97625099-97625099	3.137816
chr10:99205686-99205686	1.058631
chr10:99551748-99551748	2.828736
chr10:102754238-102754238	-0.046403
chr10:103124605-103124605	1.947528
chr10:104163834-104163834	-2.446913
chr10:104429746-104429746	-27.976040
chr10:107710314-107710314	-0.802072
chr10:110543914-110543914	-1.034865
chr10:111612350-111612350	-0.989297
chr10:117114966-117114966	0.089419
chr10:122369929-122369929	-1.241837
chr10:123396072-123396072	-0.730900
chr10:123646707-123646707	-20.564646
chr10:126220834-126220834	2.634936
chr10:127665932-127665932	1.863704
chr10:129478168-129478168	0.159916
chr10:129652288-129652288	4.162801
chr10:129652482-129652482	2.177499
chr11:250877-250877	-0.962016
chr11:268940-268940	0.993049
chr11:723429-723429	4.980976
chr11:1859182-1859182	1.481793
chr11:2021075-2021075	-0.067004
chr11:2021099-2021099	1.927364
chr11:2024354-2024354	-1.582973
chr11:8112408-8112408	3.425653
chr11:10229851-10229851	-1.638816
chr11:10434936-10434936	3.038760
chr11:11422547-11422547	0.799407
chr11:11809422-11809422	0.290871
chr11:11809432-11809432	0.249747
chr11:11809438-11809438	-2.205265
chr11:11820449-11820449	-0.603641
chr11:12352989-12352989	-2.573052
chr11:15841326-15841326	-2.611096
chr11:16842105-16842105	0.007310
chr11:18193107-18193107	7.732540
chr11:20376984-20376984	-5.131271
chr11:22752092-22752092	-1.290483
chr11:23561702-23561702	-1.667492
chr11:27226299-27226299	-14.580763
chr11:34009729-34009729	8.431219
chr11:35164108-35164108	-30.022686
chr11:35185488-35185488	1.308101
chr11:36967186-36967186	0.780842
chr11:60534901-60534901	-6.207791
chr11:61963615-61963615	12.581575
chr11:61963632-61963632	0.025696
chr11:62092576-62092576	-13.583147
chr11:63044992-63044992	0.805904
chr11:64046885-64046885	0.311786
chr11:65319712-65319712	1.425690
chr11:68868974-68868974	-1.476745
chr11:70073264-70073264	8.074750
chr11:71274728-71274728	-4.265702
chr11:73700410-73700410	-4.588186
chr11:76445293-76445293	0.538601
chr11:78811360-78811360	-2.571595
chr11:78870881-78870881	-3.629956
chr11:78872037-78872037	4.825862
chr11:86469986-86469986	-0.185321
chr11:93917068-93917068	7.544259
chr11:95311422-95311422	8.721577
chr11:95582447-95582447	-0.502473
chr11:108519218-108519218	1.489756
chr11:108535637-108535637	-9.297945
chr11:114188646-114188646	3.916109
chr11:115800318-115800318	-2.278140
chr11:115860719-115860719	-0.842724
chr11:116087923-116087923	19.849788
chr11:116087924-116087924	-17.457081
chr11:117924278-117924278	0.706427
chr11:118359161-118359161	0.828568
chr11:119562138-119562138	2.455195
chr11:120537147-120537147	-10.951467
chr11:123175815-123175815	-1.648956
chr11:124980520-124980520	0.829037
chr11:129940728-129940728	-1.682357
chr11:130002418-130002418	-1.488441
chr11:131898713-131898713	-0.215910
chr11:131898718-131898718	2.460975
chr11:132272223-132272223	3.515293
chr11:133274029-133274029	-2.050781
chr11:133389853-133389853	10.318298
chr11:133705266-133705266	5.738482
chr11:133705871-133705871	4.146082
chr11:133705905-133705905	-2.758727
chr11:133797646-133797646	0.508721
chr12:1202464-1202464	-0.646546
chr12:1654295-1654295	-0.303232
chr12:2491749-2491749	1.598632
chr12:4714035-4714035	-0.741308
chr12:6147421-6147421	-22.860507
chr12:6394322-6394322	3.622933
chr12:10484369-10484369	1.844796
chr12:13177289-13177289	-6.199253
chr12:13819923-13819923	-0.660657
chr12:13820027-13820027	-0.392974
chr12:16132186-16132186	-0.637824
chr12:19610737-19610737	-1.025289
chr12:25830347-25830347	0.920436
chr12:27168878-27168878	-1.657954
chr12:30054753-30054753	-5.565211
chr12:30054785-30054785	0.026080
chr12:31404843-31404843	0.674134
chr12:31575028-31575028	-22.616701
chr12:31903545-31903545	-0.510379
chr12:44170532-44170532	-2.480925
chr12:44308910-44308910	13.136568
chr12:52533536-52533536	1.079995
chr12:52557845-52557845	2.037709
chr12:52557861-52557861	-0.190991
chr12:52557872-52557872	1.823336
chr12:52608493-52608493	-1.035151
chr12:52608505-52608505	20.466350
chr12:52608531-52608531	0.317202
chr12:52774235-52774235	-2.055412
chr12:53273904-53273904	-1.574483
chr12:55153651-55153651	0.869543
chr12:56435412-56435412	-0.691264
chr12:57853153-57853153	-1.157292
chr12:57856667-57856667	1.992965
chr12:58299250-58299250	3.064285
chr12:67614086-67614086	0.632902
chr12:69838164-69838164	0.311959
chr12:70970925-70970925	1.720149
chr12:70983895-70983895	0.022291
chr12:72740262-72740262	-0.144934
chr12:77015495-77015495	2.999003
chr12:90456868-90456868	-9.041540
chr12:92802124-92802124	0.263611
chr12:95730388-95730388	-2.327005
chr12:96357132-96357132	-1.671451
chr12:99780898-99780898	-7.445445
chr12:101127795-101127795	-3.991635
chr12:103096414-103096414	2.857624
chr12:103096497-103096497	-8.869608
chr12:104206955-104206955	1.237920
chr12:106543003-106543003	-0.569621
chr12:107798983-107798983	-0.391785
chr12:107799044-107799044	-2.142524
chr12:107799051-107799051	0.241664
chr12:120559753-120559753	-1.563039
chr12:121063646-121063646	0.044514
chr12:121661614-121661614	-2.351806
chr12:121661688-121661688	-2.295526
chr12:121668254-121668254	-2.126230
chr12:122356293-122356293	1.111298
chr12:122356435-122356435	0.702530
chr12:122356436-122356436	-0.019620
chr12:122675576-122675576	1.289303
chr12:124210782-124210782	6.738207
chr12:124884353-124884353	1.059775
chr12:125383129-125383129	-21.806616
chr12:126018196-126018196	0.637454
chr12:128554136-128554136	-2.389094
chr12:128554178-128554178	3.760360
chr12:128872628-128872628	-1.888396
chr12:131939457-131939457	-2.299501
chr12:131939530-131939530	-0.516395
chr12:133177103-133177103	1.378849
chr13:21063524-21063524	18.751988
chr13:21066950-21066950	-2.227517
chr13:21066981-21066981	-4.509776
chr13:25180151-25180151	-18.033323
chr13:25842016-25842016	-6.701506
chr13:28795606-28795606	-1.303223
chr13:29943411-29943411	-1.397008
chr13:30689441-30689441	0.177845
chr13:34252369-34252369	0.126462
chr13:43052896-43052896	-0.129272
chr13:72786947-72786947	0.451659
chr13:76593695-76593695	2.083504
chr13:78140047-78140047	-0.022149
chr13:78711952-78711952	1.767370
chr13:82288840-82288840	-1.475999
chr14:20537281-20537281	-3.344288
chr14:20664258-20664258	-16.281342
chr14:21287223-21287223	14.934776
chr14:21535278-21535278	3.846870
chr14:22370969-22370969	26.028115
chr14:23025932-23025932	0.082489
chr14:23058785-23058785	-8.115142
chr14:23563764-23563764	2.863422
chr14:24527672-24527672	-32.399154
chr14:25074839-25074839	-0.600657
chr14:25850832-25850832	1.003828
chr14:29104792-29104792	-0.341256
chr14:31221331-31221331	1.226349
chr14:39700973-39700973	-2.474467
chr14:39837727-39837727	0.647794
chr14:52510567-52510567	1.325748
chr14:55158448-55158448	3.884046
chr14:55240875-55240875	2.387402
chr14:55600405-55600405	-10.696646
chr14:55600430-55600430	-0.497119
chr14:55737832-55737832	2.405547
chr14:55892017-55892017	-22.243428
chr14:60155307-60155307	1.440875
chr14:61492234-61492234	1.492292
chr14:65450630-65450630	8.065921
chr14:66427911-66427911	-2.186345
chr14:71284503-71284503	-2.075347
chr14:71633294-71633294	-2.081752
chr14:71633381-71633381	-11.139519
chr14:72395223-72395223	-1.292642
chr14:74724260-74724260	-0.196555
chr14:74757365-74757365	-3.430387
chr14:75770365-75770365	-3.312272
chr14:75770378-75770378	-0.014118
chr14:78228153-78228153	-1.270604
chr14:81102633-81102633	-14.973705
chr14:81102669-81102669	0.426723
chr14:91885306-91885306	-1.384205
chr14:92365790-92365790	6.935074
chr14:93147500-93147500	2.935857
chr14:96077694-96077694	-0.978460
chr14:100991367-100991367	8.516664
chr14:101701780-101701780	-0.535018
chr14:103246470-103246470	0.836455
chr14:104080042-104080042	-19.607683
chr14:106725090-106725090	-0.383435
chr14:106765090-106765090	1.501234
chr14:106765495-106765495	-25.579539
chr14:106873646-106873646	-7.278805
chr14:106873719-106873719	-2.228632
chr14:106993722-106993722	-2.041817
chr14:106995720-106995720	-3.909954
chr14:107007417-107007417	-1.786182
chr14:107020177-107020177	4.038692
chr14:107048513-107048513	0.112575
chr14:107130971-107130971	0.357319
chr14:107167890-107167890	0.956123
chr14:107167952-107167952	0.418407
chr14:107238920-107238920	29.704372
chr15:32396848-32396848	0.338277
chr15:35262087-35262087	-22.331877
chr15:37974760-37974760	-3.028991
chr15:40049312-40049312	-2.871717
chr15:41477143-41477143	-1.404144
chr15:50440693-50440693	-0.386162
chr15:51166198-51166198	0.054665
chr15:51522185-51522185	-1.556988
chr15:53022588-53022588	-10.939364
chr15:57852143-57852143	1.270506
chr15:59582629-59582629	-1.695187
chr15:59983656-59983656	1.096321
chr15:64361938-64361938	2.277148
chr15:67143852-67143852	0.158573
chr15:70506816-70506816	-0.978368
chr15:74588380-74588380	-1.300702
chr15:74615161-74615161	-1.082676
chr15:75978620-75978620	1.935014
chr15:78200594-78200594	1.167950
chr15:78202814-78202814	-5.867834
chr15:78202815-78202815	-2.892503
chr15:81589648-81589648	-7.181759
chr15:81626400-81626400	19.120359
chr15:84915252-84915252	2.941442
chr15:85114447-85114447	1.267394
chr15:90304067-90304067	2.056649
chr15:90304075-90304075	-0.972855
chr15:91025813-91025813	-2.989171
chr15:91025830-91025830	0.545434
chr15:101458117-101458117	-0.754598
chr15:102042282-102042282	-0.219135
chr16:1380761-1380761	0.055687
chr16:2055820-2055820	-5.225042
chr16:3083974-3083974	0.220718
chr16:3213485-3213485	-1.102221
chr16:5683998-5683998	1.356555
chr16:8749156-8749156	-17.497550
chr16:9254049-9254049	2.540069
chr16:9254161-9254161	-41.183785
chr16:10063593-10063593	16.242301
chr16:11480973-11480973	0.770543
chr16:12667789-12667789	-0.357548
chr16:12667879-12667879	2.126491
chr16:13280841-13280841	0.984837
chr16:19612829-19612829	-0.757989
chr16:20811092-20811092	-4.753798
chr16:25288091-25288091	-1.090895
chr16:29239224-29239224	-9.978623
chr16:30420851-30420851	-1.273476
chr16:31171174-31171174	-14.180354
chr16:31708439-31708439	-2.529559
chr16:56677634-56677634	0.450279
chr16:56901288-56901288	-2.371992
chr16:57334521-57334521	1.379244
chr16:58313413-58313413	-6.288982
chr16:68362809-68362809	3.671227
chr16:71780599-71780599	-0.714431
chr16:78039945-78039945	2.538629
chr16:78039946-78039946	-0.512817
chr16:78039977-78039977	6.467915
chr16:78471399-78471399	0.119788
chr16:78804713-78804713	1.506888
chr16:81238789-81238789	-1.779790
chr16:81238795-81238795	0.295515
chr16:81238818-81238818	-0.917935
chr16:81238854-81238854	-11.468704
chr16:81238889-81238889	-0.179442
chr16:81815256-81815256	-0.279261
chr16:81889563-81889563	7.376166
chr16:81907752-81907752	-0.189652
chr16:82637610-82637610	1.918487
chr16:83434063-83434063	-7.920839
chr16:84209049-84209049	-7.370675
chr16:84209138-84209138	-1.173685
chr16:85149023-85149023	-0.009716
chr16:85450131-85450131	-3.732311
chr16:86077972-86077972	1.572282
chr16:87900525-87900525	0.349057
chr16:88017063-88017063	-0.315086
chr16:88020333-88020333	0.883260
chr16:88822095-88822095	-1.583637
chr16:88822156-88822156	11.240748
chr17:1236150-1236150	-1.064435
chr17:1945225-1945225	1.506490
chr17:7233011-7233011	-14.277238
chr17:7961204-7961204	-1.619719
chr17:8314015-8314015	0.511276
chr17:8657249-8657249	0.095617
chr17:9869075-9869075	0.234724
chr17:11547658-11547658	-0.362894
chr17:14385059-14385059	-1.014226
chr17:21183389-21183389	-4.221925
chr17:26881730-26881730	20.918766
chr17:27568780-27568780	2.667297
chr17:31592879-31592879	-1.934183
chr17:32039355-32039355	5.715258
chr17:32688713-32688713	2.173443
chr17:33308221-33308221	-3.686602
chr17:36612876-36612876	8.084463
chr17:36648453-36648453	-1.922331
chr17:37331345-37331345	-6.623421
chr17:38029120-38029120	4.548237
chr17:38080865-38080865	7.095591
chr17:38080912-38080912	0.144488
chr17:41843979-41843979	19.719551
chr17:42659498-42659498	-0.293876
chr17:42659500-42659500	-0.606330
chr17:43662731-43662731	-1.892001
chr17:43662733-43662733	-2.844075
chr17:45307359-45307359	-0.703742
chr17:45396087-45396087	11.720481
chr17:48351042-48351042	2.683717
chr17:49449158-49449158	3.246690
chr17:53514808-53514808	-11.768989
chr17:56604811-56604811	3.098910
chr17:56604813-56604813	-2.218145
chr17:57976658-57976658	22.727954
chr17:59914681-59914681	0.734349
chr17:60143667-60143667	-4.975786
chr17:61912392-61912392	-0.470845
chr17:61912436-61912436	-8.452400
chr17:61970210-61970210	-13.505480
chr17:61970224-61970224	0.442233
chr17:66493492-66493492	-3.458128
chr17:71591870-71591870	-1.074156
chr17:75606792-75606792	-3.351811
chr17:75737393-75737393	-4.465841
chr17:76555973-76555973	-0.225161
chr17:76862105-76862105	1.070598
chr17:78022857-78022857	13.191616
chr17:78222803-78222803	6.680596
chr17:78944358-78944358	-2.949547
chr18:2638563-2638563	-2.187936
chr18:3998885-3998885	0.684748
chr18:6920231-6920231	-0.453008
chr18:7038435-7038435	-3.559212
chr18:7038440-7038440	-2.099941
chr18:7038462-7038462	0.503833
chr18:8480589-8480589	0.758998
chr18:10437951-10437951	-1.782669
chr18:10438024-10438024	17.757773
chr18:10560334-10560334	-0.810606
chr18:13003578-13003578	0.466984
chr18:19192255-19192255	-0.814490
chr18:21582695-21582695	-1.005427
chr18:27861363-27861363	-0.706734
chr18:27929880-27929880	-0.329021
chr18:41201183-41201183	-1.158789
chr18:43271392-43271392	-0.145785
chr18:43302976-43302976	-0.758631
chr18:46974430-46974430	-0.869697
chr18:46974431-46974431	1.202674
chr18:49936322-49936322	-16.586048
chr18:49936365-49936365	-1.438516
chr18:54144657-54144657	5.499860
chr18:56164345-56164345	-4.144655
chr18:56889787-56889787	17.229938
chr18:58331310-58331310	3.804456
chr18:60625250-60625250	6.087293
chr18:67282973-67282973	-2.353088
chr18:69452168-69452168	0.387289
chr18:71820351-71820351	2.098444
chr18:71977781-71977781	-0.063629
chr18:71977859-71977859	-0.606742
chr18:76635734-76635734	1.051119
chr18:77141139-77141139	4.053864
chr19:864181-864181	1.402011
chr19:1546336-1546336	0.305623
chr19:2951235-2951235	-0.019338
chr19:4233570-4233570	-2.628671
chr19:5480688-5480688	-2.354010
chr19:7243084-7243084	15.312378
chr19:7917919-7917919	21.912469
chr19:10692000-10692000	1.943011
chr19:11241780-11241780	-2.720912
chr19:12248488-12248488	-1.632596
chr19:12248612-12248612	1.921705
chr19:12943638-12943638	-1.036462
chr19:13345526-13345526	-9.849505
chr19:13732365-13732365	-28.924855
chr19:15740268-15740268	1.733575
chr19:15740275-15740275	-3.882998
chr19:18497137-18497137	-0.841497
chr19:18497141-18497141	0.450833
chr19:19807437-19807437	11.660791
chr19:24038892-24038892	0.584866
chr19:33897843-33897843	0.563518
chr19:33897934-33897934	-1.619455
chr19:39601170-39601170	2.798366
chr19:40404343-40404343	-10.749537
chr19:41415087-41415087	4.958901
chr19:41415112-41415112	-3.252519
chr19:42829272-42829272	-0.524723
chr19:43385630-43385630	-0.390189
chr19:43389203-43389203	-2.971322
chr19:44455262-44455262	-16.084502
chr19:46581154-46581154	0.901595
chr19:46768753-46768753	2.229407
chr19:46941711-46941711	-1.116120
chr19:46991243-46991243	2.189973
chr19:47120428-47120428	-5.144854
chr19:47930569-47930569	-3.372927
chr19:48770567-48770567	-2.247957
chr19:49977218-49977218	4.298200
chr19:50755766-50755766	-25.523939
chr19:51373818-51373818	0.971745
chr19:53251792-53251792	-13.917746
chr19:54296188-54296188	1.546992
chr19:54527245-54527245	0.239565
chr19:54735619-54735619	-3.078681
chr1:1610524-1610524	-0.795758
chr1:2346099-2346099	0.643241
chr1:3369753-3369753	-0.455195
chr1:7130828-7130828	0.863197
chr1:8600192-8600192	-6.612783
chr1:11898859-11898859	-0.169489
chr1:15566699-15566699	0.716771
chr1:16359468-16359468	2.447907
chr1:16368778-16368778	-11.489353
chr1:16514343-16514343	2.636366
chr1:17231788-17231788	-0.214078
chr1:19186260-19186260	-9.087173
chr1:20029876-20029876	0.286380
chr1:20901922-20901922	-8.636827
chr1:21985687-21985687	-2.033450
chr1:24914032-24914032	-3.597240
chr1:26560481-26560481	-7.156426
chr1:29172851-29172851	1.807622
chr1:31255905-31255905	19.334221
chr1:32300374-32300374	0.291370
chr1:32689521-32689521	2.458585
chr1:32706126-32706126	2.043855
chr1:35012740-35012740	-2.769358
chr1:38455891-38455891	-16.169498
chr1:38554330-38554330	0.230975
chr1:40265522-40265522	1.837775
chr1:54007612-54007612	13.052301
chr1:57175117-57175117	0.601931
chr1:60183913-60183913	0.931241
chr1:63793461-63793461	-1.063685
chr1:67390999-67390999	-0.363444
chr1:67391003-67391003	-4.967486
chr1:67727555-67727555	-1.805674
chr1:68936214-68936214	2.647174
chr1:75282962-75282962	0.356633
chr1:85219369-85219369	-5.436237
chr1:85219425-85219425	-4.243777
chr1:85410544-85410544	-9.712254
chr1:89551669-89551669	-34.774445
chr1:89742517-89742517	1.919472
chr1:89742521-89742521	3.076616
chr1:89742561-89742561	-0.527519
chr1:95832611-95832611	-4.004518
chr1:101939689-101939689	0.349584
chr1:102033300-102033300	-1.187774
chr1:103009112-103009112	-2.213446
chr1:111740345-111740345	25.385570
chr1:111876941-111876941	-0.268573
chr1:112290039-112290039	0.978875
chr1:113708270-113708270	-1.317427
chr1:117525458-117525458	-9.148791
chr1:120020535-120020535	-1.125569
chr1:144932414-144932414	-2.155496
chr1:144932415-144932415	-2.692722
chr1:150039678-150039678	-7.817938
chr1:152161354-152161354	-3.385300
chr1:152432884-152432884	-2.079121
chr1:153590254-153590254	-32.283540
chr1:153600124-153600124	-3.038505
chr1:154792269-154792269	-2.096044
chr1:154792272-154792272	-1.044832
chr1:154990297-154990297	1.725383
chr1:155059851-155059851	21.624043
chr1:159791464-159791464	30.206884
chr1:160711499-160711499	2.477958
chr1:160759052-160759052	0.793659
chr1:160800559-160800559	1.828477
chr1:161617497-161617497	-1.022912
chr1:162327599-162327599	4.151945
chr1:165811486-165811486	-0.910114
chr1:169515916-169515916	-4.620690
chr1:172688912-172688912	-0.244122
chr1:178001060-178001060	0.520663
chr1:179335058-179335058	-10.674334
chr1:180157449-180157449	-1.159141
chr1:180239535-180239535	-0.483148
chr1:180600970-180600970	6.147662
chr1:180601006-180601006	2.789324
chr1:181104704-181104704	-3.699675
chr1:181467112-181467112	-0.456938
chr1:182038268-182038268	-14.887092
chr1:186214179-186214179	-6.217768
chr1:190053878-190053878	0.286751
chr1:190053879-190053879	-1.211303
chr1:196692672-196692672	5.002515
chr1:199923979-199923979	-1.220014
chr1:199924020-199924020	-12.183516
chr1:200772175-200772175	1.277021
chr1:201154230-201154230	-19.480307
chr1:201154311-201154311	-1.428018
chr1:202134678-202134678	3.183833
chr1:203000814-203000814	12.446214
chr1:203238467-203238467	-0.408610
chr1:205641343-205641343	0.502080
chr1:206974967-206974967	1.267213
chr1:208037402-208037402	-2.031524
chr1:208297392-208297392	-13.516155
chr1:208425915-208425915	16.964506
chr1:211822542-211822542	-17.364871
chr1:222942761-222942761	-2.011115
chr1:234201700-234201700	-0.553356
chr1:235503256-235503256	2.887457
chr1:235580821-235580821	0.831009
chr1:235711149-235711149	18.510289
chr1:236117969-236117969	-5.563997
chr1:236448768-236448768	-5.767628
chr1:238106777-238106777	3.464801
chr1:238475851-238475851	2.213986
chr1:240116430-240116430	-1.136504
chr1:243100235-243100235	-2.532801
chr1:248100333-248100333	-1.421146
chr20:719854-719854	0.572080
chr20:1094857-1094857	4.470652
chr20:1094892-1094892	-3.063698
chr20:1280344-1280344	4.016551
chr20:1294431-1294431	0.555496
chr20:1484647-1484647	-1.065409
chr20:2368068-2368068	3.131763
chr20:2627497-2627497	0.678761
chr20:2627638-2627638	-0.013924
chr20:2627648-2627648	0.901846
chr20:2668812-2668812	-10.963564
chr20:3475023-3475023	-0.193073
chr20:4701706-4701706	0.419312
chr20:5374371-5374371	3.113575
chr20:5984173-5984173	-2.948017
chr20:7012078-7012078	8.651470
chr20:11993045-11993045	6.000070
chr20:13283585-13283585	-1.391319
chr20:19765711-19765711	-1.550341
chr20:19883823-19883823	-0.850496
chr20:19884096-19884096	3.520783
chr20:19884106-19884106	1.043023
chr20:21674107-21674107	-1.086336
chr20:21674164-21674164	-8.867609
chr20:23343793-23343793	-0.270468
chr20:23763238-23763238	-1.853438
chr20:25968143-25968143	1.600534
chr20:30924792-30924792	1.365163
chr20:31366410-31366410	-7.665715
chr20:31490624-31490624	-0.971869
chr20:32485560-32485560	8.825891
chr20:33111144-33111144	3.892362
chr20:33733078-33733078	15.175426
chr20:36244391-36244391	-1.894282
chr20:36244400-36244400	1.167309
chr20:36244436-36244436	0.534982
chr20:38305767-38305767	-2.166508
chr20:38788862-38788862	-1.458649
chr20:40585126-40585126	3.978090
chr20:44420280-44420280	-2.719499
chr20:46306676-46306676	-2.198252
chr20:46415411-46415411	-0.792257
chr20:49942965-49942965	-9.916786
chr20:49942978-49942978	1.916344
chr20:55079622-55079622	2.155082
chr20:57212330-57212330	-17.398445
chr20:57222726-57222726	-3.246036
chr20:57444228-57444228	1.264475
chr20:58146672-58146672	0.262037
chr20:58800207-58800207	-11.439968
chr20:61439708-61439708	-1.944481
chr20:62541267-62541267	0.875414
chr20:62580642-62580642	-6.376515
chr20:62580728-62580728	-2.418093
chr21:15632213-15632213	2.696137
chr21:23123816-23123816	36.964861
chr21:26733152-26733152	0.285042
chr21:32458977-32458977	1.855478
chr21:34160022-34160022	4.688491
chr21:35392603-35392603	-2.877213
chr21:37525535-37525535	0.870842
chr21:38459593-38459593	-2.733195
chr21:38593609-38593609	-5.432448
chr21:39531599-39531599	1.943863
chr21:40547310-40547310	-25.089108
chr21:43237843-43237843	0.230713
chr21:43282309-43282309	0.492824
chr21:43527977-43527977	-1.148834
chr21:43528026-43528026	-0.238243
chr21:43528072-43528072	-7.145750
chr21:43801712-43801712	-17.807681
chr21:43801803-43801803	1.709439
chr21:43960077-43960077	-2.381710
chr21:44238537-44238537	-3.248142
chr21:46266066-46266066	-15.871192
chr21:47343320-47343320	-0.245792
chr22:18268130-18268130	-1.084633
chr22:18299937-18299937	-0.010471
chr22:18896087-18896087	1.586744
chr22:19103347-19103347	0.521200
chr22:20273442-20273442	2.025580
chr22:21051983-21051983	1.295221
chr22:21051994-21051994	1.099125
chr22:21052014-21052014	-5.361647
chr22:21316258-21316258	-3.181095
chr22:22676407-22676407	2.325015
chr22:23027646-23027646	-1.024720
chr22:23027696-23027696	1.321169
chr22:23658007-23658007	-0.483653
chr22:24585835-24585835	-0.778482
chr22:26794625-26794625	-1.632561
chr22:27065117-27065117	6.317139
chr22:28508895-28508895	2.293283
chr22:35439418-35439418	13.227994
chr22:35439450-35439450	0.497204
chr22:35439506-35439506	-1.172864
chr22:36617902-36617902	-1.020605
chr22:36710541-36710541	3.595432
chr22:37387461-37387461	-0.322424
chr22:37679671-37679671	2.774339
chr22:37679706-37679706	-0.027275
chr22:39795683-39795683	-1.831065
chr22:41799833-41799833	1.730076
chr22:42347060-42347060	-0.573089
chr22:43555921-43555921	-1.124445
chr22:49364245-49364245	5.007628
chr22:49980759-49980759	-17.041705
chr22:50317145-50317145	2.788026
chr22:50317187-50317187	-4.117873
chr22:50317296-50317296	1.279846
chr22:50317330-50317330	-0.315649
chr2:8443859-8443859	9.336248
chr2:8618836-8618836	-8.121264
chr2:10660550-10660550	2.149800
chr2:13147173-13147173	-0.166375
chr2:17329777-17329777	-3.621633
chr2:18299134-18299134	7.896117
chr2:19887169-19887169	6.863319
chr2:20877436-20877436	-0.463197
chr2:24284009-24284009	0.952416
chr2:27239949-27239949	-2.354819
chr2:29552934-29552934	9.795814
chr2:30920293-30920293	2.947738
chr2:38342566-38342566	13.630449
chr2:40781985-40781985	2.070329
chr2:42287389-42287389	-1.436642
chr2:42316659-42316659	-15.990111
chr2:48954905-48954905	13.249829
chr2:50834137-50834137	-0.541551
chr2:54716821-54716821	10.272089
chr2:54892805-54892805	-1.107275
chr2:55395807-55395807	-1.641035
chr2:55659359-55659359	-0.241497
chr2:55796311-55796311	1.062735
chr2:55847533-55847533	2.129584
chr2:57724874-57724874	0.072541
chr2:61066666-61066666	-0.143741
chr2:62527037-62527037	0.510512
chr2:65144787-65144787	0.271098
chr2:65609677-65609677	-2.519457
chr2:68423530-68423530	-4.121082
chr2:79226779-79226779	2.282923
chr2:84530191-84530191	-2.377161
chr2:85633053-85633053	0.889700
chr2:86307128-86307128	-0.765521
chr2:89180014-89180014	1.048223
chr2:98391117-98391117	0.211780
chr2:103214490-103214490	2.304071
chr2:106714756-106714756	-1.004844
chr2:106720878-106720878	-1.496176
chr2:107157893-107157893	-1.779869
chr2:107203992-107203992	1.258448
chr2:107484852-107484852	7.230436
chr2:107484875-107484875	-1.952680
chr2:109341708-109341708	-1.314159
chr2:109618573-109618573	2.626139
chr2:111569409-111569409	0.066738
chr2:111590560-111590560	1.818285
chr2:114148097-114148097	1.441388
chr2:114651184-114651184	-1.250314
chr2:114651234-114651234	-6.459623
chr2:127117274-127117274	1.031003
chr2:127807768-127807768	-0.881029
chr2:128821095-128821095	0.097544
chr2:130694072-130694072	2.038762
chr2:132170888-132170888	1.500023
chr2:132440073-132440073	-4.308643
chr2:133610815-133610815	-1.309138
chr2:133610862-133610862	-1.400318
chr2:133610881-133610881	-8.921891
chr2:138848169-138848169	-1.467627
chr2:149846550-149846550	2.509508
chr2:153032593-153032593	0.274913
chr2:154143853-154143853	-6.318636
chr2:154143880-154143880	-1.446925
chr2:154143923-154143923	1.722745
chr2:154478957-154478957	1.223458
chr2:161209874-161209874	-1.501004
chr2:161775489-161775489	-3.143675
chr2:169231905-169231905	2.131828
chr2:170533120-170533120	-2.421255
chr2:171253722-171253722	-1.134019
chr2:171318563-171318563	4.755443
chr2:171672395-171672395	1.714944
chr2:173330665-173330665	0.038521
chr2:174267281-174267281	4.062385
chr2:176194143-176194143	-1.712734
chr2:176962580-176962580	-0.776589
chr2:189848348-189848348	23.112152
chr2:189848384-189848384	-1.532635
chr2:196933188-196933188	-3.697688
chr2:204261723-204261723	-2.807082
chr2:206631669-206631669	-9.830605
chr2:212744186-212744186	-0.707529
chr2:216784966-216784966	-0.958941
chr2:218853391-218853391	0.275271
chr2:218899633-218899633	4.635323
chr2:218938968-218938968	3.681322
chr2:233523075-233523075	0.197062
chr2:233924495-233924495	1.587737
chr2:234620272-234620272	-0.398209
chr2:234681416-234681416	-16.202836
chr2:238767204-238767204	2.486299
chr2:239069205-239069205	3.463668
chr2:241543863-241543863	0.689996
chr3:2963634-2963634	-0.792435
chr3:5773022-5773022	1.076513
chr3:9012743-9012743	0.582566
chr3:9768762-9768762	-1.649324
chr3:10983854-10983854	-0.092053
chr3:12829095-12829095	0.461310
chr3:14822463-14822463	-1.096523
chr3:16408296-16408296	-1.848976
chr3:17237409-17237409	0.341080
chr3:17844752-17844752	-4.024557
chr3:20287463-20287463	-13.828383
chr3:34196788-34196788	-8.717376
chr3:36834099-36834099	-0.935488
chr3:39419745-39419745	2.426306
chr3:42543274-42543274	1.776795
chr3:43113065-43113065	0.784436
chr3:44037909-44037909	4.233150
chr3:46310921-46310921	-0.772975
chr3:47464122-47464122	-1.377861
chr3:47830741-47830741	-2.447541
chr3:52879828-52879828	-1.570340
chr3:57256121-57256121	-12.811922
chr3:57420002-57420002	1.215439
chr3:58286047-58286047	-2.392818
chr3:61913862-61913862	4.793446
chr3:62651724-62651724	-4.328232
chr3:69435431-69435431	-2.011201
chr3:75601437-75601437	-0.726289
chr3:75601472-75601472	-10.790555
chr3:75601478-75601478	-5.533292
chr3:98543301-98543301	1.642589
chr3:100885183-100885183	1.244740
chr3:105237260-105237260	2.124653
chr3:107471699-107471699	-2.479747
chr3:108737868-108737868	0.879574
chr3:114018441-114018441	-28.058394
chr3:119269668-119269668	3.604321
chr3:124283901-124283901	0.059925
chr3:124283916-124283916	0.177067
chr3:124283918-124283918	1.589730
chr3:124283993-124283993	0.859243
chr3:125730884-125730884	0.209522
chr3:125917331-125917331	0.893864
chr3:126422829-126422829	-25.329607
chr3:128303483-128303483	-0.714836
chr3:132760219-132760219	-1.703871
chr3:133540883-133540883	1.126897
chr3:133540915-133540915	38.003159
chr3:136872078-136872078	2.448543
chr3:139073011-139073011	-1.889530
chr3:142650291-142650291	-13.336784
chr3:143692018-143692018	-4.654166
chr3:147101640-147101640	0.681213
chr3:148675706-148675706	-1.092725
chr3:153715341-153715341	0.314148
chr3:157211631-157211631	-0.525481
chr3:158970714-158970714	2.610676
chr3:160061145-160061145	-1.574336
chr3:162495102-162495102	24.437349
chr3:172341186-172341186	-1.549478
chr3:173089923-173089923	-2.855204
chr3:178787131-178787131	1.254313
chr3:178990402-178990402	-0.821475
chr3:186649103-186649103	0.539338
chr3:187161726-187161726	5.102752
chr3:187923949-187923949	-2.206095
chr3:190768909-190768909	2.052393
chr3:191486536-191486536	2.301770
chr3:192140997-192140997	5.828438
chr3:193282003-193282003	9.391315
chr3:194234818-194234818	3.585222
chr4:596631-596631	-0.712751
chr4:2221814-2221814	8.610800
chr4:3039150-3039150	-0.420741
chr4:3039311-3039311	-1.897247
chr4:4337049-4337049	-1.240329
chr4:5826597-5826597	0.923247
chr4:8548970-8548970	-15.591886
chr4:16003151-16003151	0.688370
chr4:23336142-23336142	-0.257820
chr4:37803934-37803934	-1.892625
chr4:38070939-38070939	2.731126
chr4:38203848-38203848	11.866027
chr4:53454588-53454588	1.604259
chr4:54671041-54671041	-3.537816
chr4:58309016-58309016	0.332777
chr4:58309017-58309017	0.727527
chr4:61330012-61330012	10.200596
chr4:64583273-64583273	-2.352237
chr4:68007509-68007509	0.630362
chr4:77222861-77222861	21.595214
chr4:77654812-77654812	-1.779828
chr4:78161802-78161802	1.823539
chr4:78161843-78161843	-1.032557
chr4:78980923-78980923	-1.789999
chr4:83643150-83643150	-1.079922
chr4:83660779-83660779	2.179410
chr4:84566072-84566072	0.418897
chr4:88774073-88774073	-0.789768
chr4:89140356-89140356	0.511606
chr4:90355727-90355727	7.068529
chr4:102651821-102651821	0.521487
chr4:107597259-107597259	1.366973
chr4:113724018-113724018	-2.819004
chr4:114249897-114249897	-1.164213
chr4:119903064-119903064	-2.911903
chr4:121750543-121750543	-0.521594
chr4:121791642-121791642	0.073125
chr4:123835656-123835656	-6.363416
chr4:125865299-125865299	10.771765
chr4:125865319-125865319	-5.078974
chr4:131257943-131257943	30.510264
chr4:133620322-133620322	-0.755132
chr4:151219249-151219249	2.335587
chr4:152452128-152452128	12.034041
chr4:157031168-157031168	2.853614
chr4:157299450-157299450	-15.794559
chr4:159417328-159417328	-0.051150
chr4:159588976-159588976	13.163425
chr4:162241742-162241742	-1.638529
chr4:169931274-169931274	2.173201
chr4:171349777-171349777	0.077902
chr4:171797222-171797222	-15.315153
chr4:181679304-181679304	-8.990207
chr4:184642647-184642647	4.185217
chr4:185209853-185209853	-4.099243
chr4:185737207-185737207	-6.380450
chr5:13329-13329	1.113187
chr5:1772989-1772989	-4.043750
chr5:5206891-5206891	0.549373
chr5:5881577-5881577	1.372832
chr5:7593213-7593213	1.028037
chr5:7897283-7897283	-0.345214
chr5:8012611-8012611	7.965750
chr5:13479082-13479082	-4.263826
chr5:14208920-14208920	3.640289
chr5:14870691-14870691	22.911147
chr5:15791585-15791585	-1.987657
chr5:17189719-17189719	2.317500
chr5:18698862-18698862	-4.421180
chr5:31809645-31809645	-0.417771
chr5:33470851-33470851	-10.943160
chr5:35718013-35718013	-19.589772
chr5:35815846-35815846	-0.467376
chr5:35921266-35921266	-1.840660
chr5:37555316-37555316	-0.314082
chr5:37555317-37555317	-2.652172
chr5:38825311-38825311	2.052182
chr5:39692332-39692332	-4.867039
chr5:42912431-42912431	0.539343
chr5:52069272-52069272	1.414146
chr5:55610575-55610575	24.057116
chr5:61636365-61636365	-1.918084
chr5:71074689-71074689	3.027700
chr5:75839369-75839369	-2.436375
chr5:77353125-77353125	-2.254753
chr5:78183777-78183777	1.744323
chr5:83018430-83018430	-4.168921
chr5:85634083-85634083	0.377239
chr5:93494101-93494101	0.419720
chr5:94186263-94186263	-0.361275
chr5:102811626-102811626	0.210989
chr5:103748792-103748792	-12.152471
chr5:106116996-106116996	2.170835
chr5:110797259-110797259	-1.071432
chr5:111702875-111702875	-19.176097
chr5:111828235-111828235	1.041715
chr5:111828287-111828287	0.585394
chr5:111840002-111840002	-18.749224
chr5:111865367-111865367	2.341273
chr5:115368034-115368034	-2.554860
chr5:115964500-115964500	1.869956
chr5:118603817-118603817	-8.928999
chr5:119991719-119991719	-1.873022
chr5:132623391-132623391	22.071923
chr5:132623423-132623423	-0.628774
chr5:132757283-132757283	-2.428956
chr5:132757285-132757285	2.187071
chr5:132866975-132866975	-16.283341
chr5:132867002-132867002	-6.093740
chr5:133242208-133242208	9.747810
chr5:137978859-137978859	0.530764
chr5:138088118-138088118	2.012741
chr5:145510261-145510261	2.286429
chr5:145553402-145553402	-3.863779
chr5:145826646-145826646	-8.860712
chr5:150619002-150619002	-1.392304
chr5:151303686-151303686	0.235935
chr5:151841883-151841883	-0.830887
chr5:151841898-151841898	32.297191
chr5:154011565-154011565	-1.097907
chr5:154191553-154191553	1.647306
chr5:157441130-157441130	-2.621497
chr5:158871681-158871681	-1.278349
chr5:159772467-159772467	-0.582869
chr5:167541665-167541665	1.356722
chr5:168654041-168654041	1.068637
chr5:169872183-169872183	2.528878
chr5:171906227-171906227	-0.433436
chr5:172198952-172198952	0.019246
chr5:172711073-172711073	0.463051
chr5:174008644-174008644	1.510288
chr5:176000821-176000821	1.978759
chr5:176005477-176005477	2.898860
chr5:176539018-176539018	0.894300
chr5:177503124-177503124	0.115835
chr5:177624190-177624190	3.787989
chr5:179297733-179297733	-12.322047
chr6:1555379-1555379	1.471161
chr6:3032257-3032257	0.605527
chr6:3978705-3978705	-0.663862
chr6:4211080-4211080	1.274266
chr6:5136216-5136216	-2.163459
chr6:5136219-5136219	1.056946
chr6:13455147-13455147	3.875240
chr6:16409958-16409958	-1.408033
chr6:16771465-16771465	-0.963620
chr6:20271232-20271232	25.825487
chr6:22344213-22344213	0.903765
chr6:29653713-29653713	-8.962501
chr6:29670398-29670398	-1.731414
chr6:29670478-29670478	-6.045753
chr6:29670512-29670512	-1.099134
chr6:29670556-29670556	-0.287611
chr6:29670561-29670561	0.121189
chr6:29670573-29670573	-2.482696
chr6:29673548-29673548	0.105943
chr6:29673606-29673606	-12.133856
chr6:31036783-31036783	-1.118872
chr6:31161161-31161161	-6.196411
chr6:31161176-31161176	1.047685
chr6:31164763-31164763	1.370325
chr6:31164849-31164849	0.233951
chr6:31300640-31300640	4.795506
chr6:31300649-31300649	-0.170280
chr6:31300658-31300658	-1.079009
chr6:31300677-31300677	-0.943580
chr6:31300692-31300692	1.003763
chr6:31410521-31410521	3.942471
chr6:31410524-31410524	-2.725237
chr6:31461613-31461613	-5.072338
chr6:31461795-31461795	0.865746
chr6:31890908-31890908	14.197759
chr6:32383341-32383341	0.961194
chr6:32590298-32590298	1.243042
chr6:32590299-32590299	2.031435
chr6:32590319-32590319	-0.643773
chr6:32590324-32590324	1.654196
chr6:32590331-32590331	-0.314040
chr6:32590348-32590348	0.122556
chr6:32590411-32590411	-21.579974
chr6:32590482-32590482	-6.833279
chr6:32590501-32590501	1.313864
chr6:32591106-32591106	-1.745246
chr6:32610689-32610689	-1.209408
chr6:32659994-32659994	1.361381
chr6:32660051-32660051	2.178026
chr6:32935509-32935509	-5.804539
chr6:32937436-32937436	-9.108950
chr6:32967965-32967965	-0.122832
chr6:32967993-32967993	-7.543146
chr6:33050683-33050683	1.680237
chr6:33060064-33060064	-1.410030
chr6:33091661-33091661	0.435421
chr6:33670370-33670370	2.384673
chr6:33670406-33670406	-1.529673
chr6:33679596-33679596	-0.139553
chr6:33682391-33682391	-6.548892
chr6:36669509-36669509	-3.804039
chr6:37709919-37709919	-0.175060
chr6:42134430-42134430	-3.229499
chr6:43354431-43354431	-21.792957
chr6:52769531-52769531	0.277261
chr6:53593511-53593511	2.128232
chr6:53593569-53593569	-26.635661
chr6:53821076-53821076	-9.055703
chr6:54486278-54486278	-23.991520
chr6:55393657-55393657	-0.474638
chr6:55393687-55393687	-0.456166
chr6:72928036-72928036	-2.006708
chr6:75284745-75284745	0.324938
chr6:78330191-78330191	-2.204222
chr6:80355579-80355579	-0.744295
chr6:80355973-80355973	0.292678
chr6:85725278-85725278	0.611030
chr6:88541898-88541898	-1.269940
chr6:88639794-88639794	0.442155
chr6:95033780-95033780	1.885628
chr6:106892991-106892991	-2.022115
chr6:106893021-106893021	0.801952
chr6:107401483-107401483	-1.943758
chr6:119469948-119469948	-1.162270
chr6:129888689-129888689	-1.969605
chr6:132244661-132244661	1.229416
chr6:132561782-132561782	1.803349
chr6:135203779-135203779	-11.554643
chr6:136081151-136081151	-1.426480
chr6:136081156-136081156	10.705589
chr6:138018675-138018675	-10.992495
chr6:143858634-143858634	2.216799
chr6:144334771-144334771	-1.452620
chr6:144409036-144409036	-1.275411
chr6:144409135-144409135	6.722304
chr6:144409241-144409241	0.227259
chr6:159235325-159235325	5.257933
chr6:159235343-159235343	-1.846761
chr6:160496055-160496055	-0.563641
chr6:160559442-160559442	0.834201
chr6:166689232-166689232	-2.151760
chr7:1003041-1003041	3.522924
chr7:2691201-2691201	-27.919858
chr7:4869968-4869968	2.410486
chr7:5000088-5000088	20.177380
chr7:7221982-7221982	1.426336
chr7:7581306-7581306	1.455457
chr7:8075706-8075706	-1.882573
chr7:12428803-12428803	-0.732414
chr7:18496623-18496623	0.737762
chr7:21340588-21340588	2.010455
chr7:22590051-22590051	3.415887
chr7:22590112-22590112	-3.050004
chr7:23339460-23339460	-0.597970
chr7:23584702-23584702	-31.615497
chr7:24358103-24358103	0.058028
chr7:24595020-24595020	17.036500
chr7:25894721-25894721	0.430175
chr7:27784949-27784949	-1.669300
chr7:28486477-28486477	7.682030
chr7:29649647-29649647	0.096722
chr7:31413141-31413141	1.028338
chr7:32519408-32519408	1.781930
chr7:33147485-33147485	3.721128
chr7:35281684-35281684	-1.610425
chr7:36167185-36167185	-5.453270
chr7:37941000-37941000	-2.054925
chr7:38110425-38110425	17.066573
chr7:39781847-39781847	-2.716017
chr7:39781995-39781995	1.034594
chr7:40272350-40272350	0.114401
chr7:41980556-41980556	-1.008264
chr7:41980569-41980569	-1.130562
chr7:44280623-44280623	4.346807
chr7:44854784-44854784	1.135793
chr7:48464645-48464645	0.187263
chr7:50700822-50700822	-1.586304
chr7:55323334-55323334	-0.296775
chr7:70294323-70294323	17.684064
chr7:70294421-70294421	-2.325588
chr7:75924247-75924247	-1.066552
chr7:85379887-85379887	-7.984294
chr7:89744473-89744473	0.920935
chr7:93072321-93072321	1.285167
chr7:93072324-93072324	-1.424521
chr7:96407773-96407773	-1.547012
chr7:96407790-96407790	-0.277723
chr7:96505776-96505776	-0.897055
chr7:97465096-97465096	-2.597760
chr7:97798117-97798117	-23.350422
chr7:98375095-98375095	1.570483
chr7:99474427-99474427	1.245398
chr7:100167138-100167138	-2.795630
chr7:100494949-100494949	-1.528995
chr7:100494959-100494959	-0.886755
chr7:101007460-101007460	-1.222702
chr7:102107697-102107697	-27.374044
chr7:103872115-103872115	1.566971
chr7:105172505-105172505	0.866047
chr7:105575202-105575202	-1.003436
chr7:105817328-105817328	0.222736
chr7:109730379-109730379	-4.326318
chr7:111376036-111376036	0.073752
chr7:116570738-116570738	-0.069599
chr7:124637106-124637106	-0.699214
chr7:127048183-127048183	-1.640530
chr7:128520291-128520291	4.182966
chr7:132735931-132735931	-0.111225
chr7:138571327-138571327	0.628261
chr7:142023655-142023655	-13.270855
chr7:150476888-150476888	-1.081998
chr7:157030976-157030976	-15.579871
chr8:222012-222012	-1.340365
chr8:10656437-10656437	1.618244
chr8:10696515-10696515	-1.551821
chr8:10773511-10773511	-4.365147
chr8:11623212-11623212	0.900212
chr8:12458990-12458990	2.438043
chr8:13512766-13512766	23.055967
chr8:13512852-13512852	-1.145103
chr8:14068740-14068740	0.142007
chr8:19637222-19637222	6.407985
chr8:19637228-19637228	-1.759071
chr8:19637238-19637238	0.095081
chr8:22431911-22431911	-0.572360
chr8:22872057-22872057	-4.531105
chr8:22876739-22876739	0.011176
chr8:27226790-27226790	19.741829
chr8:28451539-28451539	-0.519737
chr8:29504991-29504991	16.389176
chr8:35998899-35998899	-1.316878
chr8:37173317-37173317	1.316843
chr8:38129128-38129128	10.880251
chr8:38592423-38592423	-1.763219
chr8:61573242-61573242	-0.896898
chr8:62841770-62841770	0.083898
chr8:65582637-65582637	0.903753
chr8:72746291-72746291	1.220933
chr8:78513204-78513204	6.704989
chr8:89911209-89911209	-1.945417
chr8:92094063-92094063	-0.459507
chr8:95976251-95976251	0.373334
chr8:98565895-98565895	1.585872
chr8:100299162-100299162	-1.108205
chr8:103567555-103567555	-0.863093
chr8:104137318-104137318	-10.861062
chr8:105698914-105698914	-1.140361
chr8:107093377-107093377	-0.002122
chr8:107093423-107093423	-3.260045
chr8:108792197-108792197	-15.258155
chr8:112428560-112428560	0.005617
chr8:120082923-120082923	-21.805714
chr8:123807378-123807378	1.428947
chr8:126243100-126243100	-33.515642
chr8:127889084-127889084	3.836416
chr8:135550588-135550588	-8.545590
chr8:135732900-135732900	-9.788766
chr8:138505230-138505230	0.788303
chr8:138505341-138505341	0.624055
chr8:141609060-141609060	20.065914
chr8:143946429-143946429	1.790075
chr8:144089840-144089840	-4.327146
chr9:316803-316803	-0.601684
chr9:614036-614036	-4.642544
chr9:757752-757752	-0.794767
chr9:764254-764254	-1.453803
chr9:1101201-1101201	2.547359
chr9:1732828-1732828	-1.923874
chr9:1732880-1732880	7.589133
chr9:4117933-4117933	-15.049701
chr9:4497428-4497428	-1.119299
chr9:5186616-5186616	-22.815550
chr9:6354290-6354290	13.284914
chr9:7319116-7319116	-15.953478
chr9:7402208-7402208	-6.317173
chr9:15824475-15824475	-2.108694
chr9:16039579-16039579	-10.558395
chr9:16192333-16192333	-3.284568
chr9:19174434-19174434	-2.798577
chr9:19472001-19472001	9.936609
chr9:20885240-20885240	-1.658652
chr9:20941309-20941309	0.482409
chr9:33466859-33466859	-2.331109
chr9:33517534-33517534	-1.558017
chr9:35826038-35826038	0.663584
chr9:36855661-36855661	3.684108
chr9:36873430-36873430	-2.467171
chr9:38672523-38672523	5.120838
chr9:73125225-73125225	-6.822497
chr9:73244180-73244180	0.483218
chr9:77193118-77193118	-0.437117
chr9:77555710-77555710	8.566316
chr9:78153434-78153434	0.393663
chr9:80854608-80854608	-0.823286
chr9:80984773-80984773	0.398772
chr9:87312511-87312511	-0.550043
chr9:88659138-88659138	-7.838948
chr9:88902165-88902165	-2.899958
chr9:91337990-91337990	-4.135214
chr9:91356459-91356459	-20.156934
chr9:92230739-92230739	-3.922684
chr9:92230747-92230747	-2.398569
chr9:94348821-94348821	16.512417
chr9:95491850-95491850	-18.013374
chr9:95491899-95491899	-0.955605
chr9:95893465-95893465	4.819691
chr9:99079675-99079675	13.577493
chr9:99079691-99079691	0.663602
chr9:99079838-99079838	-1.277961
chr9:99079839-99079839	-7.344359
chr9:99079850-99079850	0.977342
chr9:100955442-100955442	2.987649
chr9:101026356-101026356	-2.553424
chr9:104490525-104490525	1.928506
chr9:106854122-106854122	-1.866902
chr9:106854205-106854205	2.980851
chr9:108210196-108210196	-1.822220
chr9:114384386-114384386	-2.103667
chr9:117034220-117034220	-2.185774
chr9:117034227-117034227	18.638849
chr9:117034257-117034257	0.376075
chr9:119257528-119257528	2.361073
chr9:123822447-123822447	1.134015
chr9:123837902-123837902	-13.652887
chr9:130348870-130348870	-1.935702
chr9:132033654-132033654	-8.276593
chr9:136454663-136454663	0.590601
chr9:136859602-136859602	-0.951303
chr9:137670900-137670900	0.707118
chr9:140071163-140071163	0.811384
